GAS LISTING C:\Users\Shehan\AppData\Local\Temp\cciBuvYM.s 			page 1


   1              		.file	"board.c"
   2              		.section	".text","axv"
   3              	.Ltext0:
   4              		.cfi_sections	.debug_frame
   5              		.section	.text.boardInit,"axv",@progbits
   6              		.align 1
   7              		.p2align 4,,15
   8              		.globl boardInit
   9              		.type	boardInit, @function
  10              	boardInit:
  11              	.LFB2:
  12              		.file 1 "./components/spc582bxx_board_initialization_component_rla/cfg/board.c"
  13              		.loc 1 71 0
  14              		.cfi_startproc
  15              		.loc 1 73 0
  16 0000 7060E000 		e_lis %r3,.LANCHOR0@ha
  17              		.loc 1 74 0
  18              		.loc 1 73 0
  19 0004 1C630000 		e_la %r3,.LANCHOR0@l(%r3)
  20 0008 78000000 		e_b pal_init
  21              	.LVL0:
  22              		.cfi_endproc
  23              	.LFE2:
  24              		.size	boardInit, .-boardInit
  25              		.section	.data.spc_mscr_io_init,"aw",@progbits
  26              		.align 2
  27              		.type	spc_mscr_io_init, @object
  28              		.size	spc_mscr_io_init, 324
  29              	spc_mscr_io_init:
  30 0000 000A     		.short	10
  31 0002 0000     		.zero	2
  32 0004 02880001 		.long	42467329
  33 0008 00       		.byte	0
  34 0009 000000   		.zero	3
  35 000c 000B     		.short	11
  36 000e 0000     		.zero	2
  37 0010 00890000 		.long	8978432
  38 0014 00       		.byte	0
  39 0015 000000   		.zero	3
  40 0018 0002     		.short	2
  41 001a 0000     		.zero	2
  42 001c 02880000 		.long	42467328
  43 0020 00       		.byte	0
  44 0021 000000   		.zero	3
  45 0024 001A     		.short	26
  46 0026 0000     		.zero	2
  47 0028 02880000 		.long	42467328
  48 002c 00       		.byte	0
  49 002d 000000   		.zero	3
  50 0030 001B     		.short	27
  51 0032 0000     		.zero	2
  52 0034 02880000 		.long	42467328
  53 0038 00       		.byte	0
  54 0039 000000   		.zero	3
  55 003c 0018     		.short	24
  56 003e 0000     		.zero	2
  57 0040 02880000 		.long	42467328
GAS LISTING C:\Users\Shehan\AppData\Local\Temp\cciBuvYM.s 			page 2


  58 0044 00       		.byte	0
  59 0045 000000   		.zero	3
  60 0048 0019     		.short	25
  61 004a 0000     		.zero	2
  62 004c 02880000 		.long	42467328
  63 0050 00       		.byte	0
  64 0051 000000   		.zero	3
  65 0054 002C     		.short	44
  66 0056 0000     		.zero	2
  67 0058 02880000 		.long	42467328
  68 005c 00       		.byte	0
  69 005d 000000   		.zero	3
  70 0060 002D     		.short	45
  71 0062 0000     		.zero	2
  72 0064 02880000 		.long	42467328
  73 0068 00       		.byte	0
  74 0069 000000   		.zero	3
  75 006c 002E     		.short	46
  76 006e 0000     		.zero	2
  77 0070 02880000 		.long	42467328
  78 0074 00       		.byte	0
  79 0075 000000   		.zero	3
  80 0078 002F     		.short	47
  81 007a 0000     		.zero	2
  82 007c 02880000 		.long	42467328
  83 0080 00       		.byte	0
  84 0081 000000   		.zero	3
  85 0084 0023     		.short	35
  86 0086 0000     		.zero	2
  87 0088 02880000 		.long	42467328
  88 008c 00       		.byte	0
  89 008d 000000   		.zero	3
  90 0090 0024     		.short	36
  91 0092 0000     		.zero	2
  92 0094 02880000 		.long	42467328
  93 0098 00       		.byte	0
  94 0099 000000   		.zero	3
  95 009c 003B     		.short	59
  96 009e 0000     		.zero	2
  97 00a0 00890000 		.long	8978432
  98 00a4 00       		.byte	0
  99 00a5 000000   		.zero	3
 100 00a8 003C     		.short	60
 101 00aa 0000     		.zero	2
 102 00ac 02880000 		.long	42467328
 103 00b0 00       		.byte	0
 104 00b1 000000   		.zero	3
 105 00b4 003D     		.short	61
 106 00b6 0000     		.zero	2
 107 00b8 02880000 		.long	42467328
 108 00bc 00       		.byte	0
 109 00bd 000000   		.zero	3
 110 00c0 003E     		.short	62
 111 00c2 0000     		.zero	2
 112 00c4 02880000 		.long	42467328
 113 00c8 00       		.byte	0
 114 00c9 000000   		.zero	3
GAS LISTING C:\Users\Shehan\AppData\Local\Temp\cciBuvYM.s 			page 3


 115 00cc 003F     		.short	63
 116 00ce 0000     		.zero	2
 117 00d0 02880000 		.long	42467328
 118 00d4 00       		.byte	0
 119 00d5 000000   		.zero	3
 120 00d8 004A     		.short	74
 121 00da 0000     		.zero	2
 122 00dc 02880000 		.long	42467328
 123 00e0 00       		.byte	0
 124 00e1 000000   		.zero	3
 125 00e4 004B     		.short	75
 126 00e6 0000     		.zero	2
 127 00e8 02880000 		.long	42467328
 128 00ec 00       		.byte	0
 129 00ed 000000   		.zero	3
 130 00f0 0053     		.short	83
 131 00f2 0000     		.zero	2
 132 00f4 02880000 		.long	42467328
 133 00f8 00       		.byte	0
 134 00f9 000000   		.zero	3
 135 00fc 006B     		.short	107
 136 00fe 0000     		.zero	2
 137 0100 02880001 		.long	42467329
 138 0104 00       		.byte	0
 139 0105 000000   		.zero	3
 140 0108 006C     		.short	108
 141 010a 0000     		.zero	2
 142 010c 02880001 		.long	42467329
 143 0110 00       		.byte	0
 144 0111 000000   		.zero	3
 145 0114 0074     		.short	116
 146 0116 0000     		.zero	2
 147 0118 02880000 		.long	42467328
 148 011c 00       		.byte	0
 149 011d 000000   		.zero	3
 150 0120 0081     		.short	129
 151 0122 0000     		.zero	2
 152 0124 02880000 		.long	42467328
 153 0128 00       		.byte	0
 154 0129 000000   		.zero	3
 155 012c 0082     		.short	130
 156 012e 0000     		.zero	2
 157 0130 02880000 		.long	42467328
 158 0134 00       		.byte	0
 159 0135 000000   		.zero	3
 160 0138 FFFF     		.short	-1
 161 013a 0000     		.zero	2
 162 013c 00000000 		.long	0
 163 0140 00       		.byte	0
 164 0141 000000   		.zero	3
 165              		.section	.data.pal_default_config,"aw",@progbits
 166              		.align 2
 167              		.set	.LANCHOR0,. + 0
 168              		.type	pal_default_config, @object
 169              		.size	pal_default_config, 8
 170              	pal_default_config:
 171 0000 00000000 		.long	spc_mscr_io_init
GAS LISTING C:\Users\Shehan\AppData\Local\Temp\cciBuvYM.s 			page 4


 172 0004 00000000 		.long	spc_mscr_mux_init
 173              		.section	.data.spc_mscr_mux_init,"aw",@progbits
 174              		.align 2
 175              		.type	spc_mscr_mux_init, @object
 176              		.size	spc_mscr_mux_init, 24
 177              	spc_mscr_mux_init:
 178 0000 00FC     		.short	252
 179 0002 0000     		.zero	2
 180 0004 00000001 		.long	1
 181 0008 0170     		.short	368
 182 000a 0000     		.zero	2
 183 000c 00000002 		.long	2
 184 0010 FFFF     		.short	-1
 185 0012 0000     		.zero	2
 186 0014 00000000 		.long	0
 187              		.section	".text","axv"
 188              	.Letext0:
 189              		.file 2 "c:\\users\\shehan\\documents\\environments\\spc5_env\\toolchain\\powerpc-eabivle\\include
 190              		.file 3 "c:\\users\\shehan\\documents\\environments\\spc5_env\\toolchain\\powerpc-eabivle\\include
 191              		.file 4 "./components/spc582bxx_board_initialization_component_rla/lib/include/pal.h"
 192              		.section	.debug_info,"",@progbits
 193              	.Ldebug_info0:
 194 0000 00000206 		.4byte	0x206
 195 0004 0002     		.2byte	0x2
 196 0006 00000000 		.4byte	.Ldebug_abbrev0
 197 000a 04       		.byte	0x4
 198 000b 01       		.uleb128 0x1
 199 000c 00000000 		.4byte	.LASF28
 200 0010 01       		.byte	0x1
 201 0011 00000000 		.4byte	.LASF29
 202 0015 00000000 		.4byte	.LASF30
 203 0019 00000000 		.4byte	.Ldebug_ranges0+0
 204 001d 00000000 		.4byte	0
 205 0021 00000000 		.4byte	0
 206 0025 00000000 		.4byte	.Ldebug_line0
 207 0029 02       		.uleb128 0x2
 208 002a 01       		.byte	0x1
 209 002b 06       		.byte	0x6
 210 002c 00000000 		.4byte	.LASF0
 211 0030 03       		.uleb128 0x3
 212 0031 00000000 		.4byte	.LASF2
 213 0035 02       		.byte	0x2
 214 0036 1D       		.byte	0x1d
 215 0037 0000003B 		.4byte	0x3b
 216 003b 02       		.uleb128 0x2
 217 003c 01       		.byte	0x1
 218 003d 08       		.byte	0x8
 219 003e 00000000 		.4byte	.LASF1
 220 0042 03       		.uleb128 0x3
 221 0043 00000000 		.4byte	.LASF3
 222 0047 02       		.byte	0x2
 223 0048 29       		.byte	0x29
 224 0049 0000004D 		.4byte	0x4d
 225 004d 02       		.uleb128 0x2
 226 004e 02       		.byte	0x2
 227 004f 05       		.byte	0x5
 228 0050 00000000 		.4byte	.LASF4
GAS LISTING C:\Users\Shehan\AppData\Local\Temp\cciBuvYM.s 			page 5


 229 0054 02       		.uleb128 0x2
 230 0055 02       		.byte	0x2
 231 0056 07       		.byte	0x7
 232 0057 00000000 		.4byte	.LASF5
 233 005b 02       		.uleb128 0x2
 234 005c 04       		.byte	0x4
 235 005d 05       		.byte	0x5
 236 005e 00000000 		.4byte	.LASF6
 237 0062 03       		.uleb128 0x3
 238 0063 00000000 		.4byte	.LASF7
 239 0067 02       		.byte	0x2
 240 0068 41       		.byte	0x41
 241 0069 0000006D 		.4byte	0x6d
 242 006d 02       		.uleb128 0x2
 243 006e 04       		.byte	0x4
 244 006f 07       		.byte	0x7
 245 0070 00000000 		.4byte	.LASF8
 246 0074 02       		.uleb128 0x2
 247 0075 08       		.byte	0x8
 248 0076 05       		.byte	0x5
 249 0077 00000000 		.4byte	.LASF9
 250 007b 02       		.uleb128 0x2
 251 007c 08       		.byte	0x8
 252 007d 07       		.byte	0x7
 253 007e 00000000 		.4byte	.LASF10
 254 0082 04       		.uleb128 0x4
 255 0083 04       		.byte	0x4
 256 0084 05       		.byte	0x5
 257 0085 696E7400 		.string	"int"
 258 0089 02       		.uleb128 0x2
 259 008a 04       		.byte	0x4
 260 008b 07       		.byte	0x7
 261 008c 00000000 		.4byte	.LASF11
 262 0090 03       		.uleb128 0x3
 263 0091 00000000 		.4byte	.LASF12
 264 0095 03       		.byte	0x3
 265 0096 15       		.byte	0x15
 266 0097 00000030 		.4byte	0x30
 267 009b 03       		.uleb128 0x3
 268 009c 00000000 		.4byte	.LASF13
 269 00a0 03       		.byte	0x3
 270 00a1 20       		.byte	0x20
 271 00a2 00000042 		.4byte	0x42
 272 00a6 03       		.uleb128 0x3
 273 00a7 00000000 		.4byte	.LASF14
 274 00ab 03       		.byte	0x3
 275 00ac 2D       		.byte	0x2d
 276 00ad 00000062 		.4byte	0x62
 277 00b1 02       		.uleb128 0x2
 278 00b2 04       		.byte	0x4
 279 00b3 07       		.byte	0x7
 280 00b4 00000000 		.4byte	.LASF15
 281 00b8 03       		.uleb128 0x3
 282 00b9 00000000 		.4byte	.LASF16
 283 00bd 04       		.byte	0x4
 284 00be 8B       		.byte	0x8b
 285 00bf 000000A6 		.4byte	0xa6
GAS LISTING C:\Users\Shehan\AppData\Local\Temp\cciBuvYM.s 			page 6


 286 00c3 05       		.uleb128 0x5
 287 00c4 0C       		.byte	0xc
 288 00c5 04       		.byte	0x4
 289 00c6 95       		.byte	0x95
 290 00c7 000000F6 		.4byte	0xf6
 291 00cb 06       		.uleb128 0x6
 292 00cc 00000000 		.4byte	.LASF17
 293 00d0 04       		.byte	0x4
 294 00d1 96       		.byte	0x96
 295 00d2 0000009B 		.4byte	0x9b
 296 00d6 02       		.byte	0x2
 297 00d7 23       		.byte	0x23
 298 00d8 00       		.uleb128 0
 299 00d9 06       		.uleb128 0x6
 300 00da 00000000 		.4byte	.LASF18
 301 00de 04       		.byte	0x4
 302 00df 97       		.byte	0x97
 303 00e0 000000B8 		.4byte	0xb8
 304 00e4 02       		.byte	0x2
 305 00e5 23       		.byte	0x23
 306 00e6 04       		.uleb128 0x4
 307 00e7 06       		.uleb128 0x6
 308 00e8 00000000 		.4byte	.LASF19
 309 00ec 04       		.byte	0x4
 310 00ed 98       		.byte	0x98
 311 00ee 00000090 		.4byte	0x90
 312 00f2 02       		.byte	0x2
 313 00f3 23       		.byte	0x23
 314 00f4 08       		.uleb128 0x8
 315 00f5 00       		.byte	0
 316 00f6 03       		.uleb128 0x3
 317 00f7 00000000 		.4byte	.LASF20
 318 00fb 04       		.byte	0x4
 319 00fc 99       		.byte	0x99
 320 00fd 000000C3 		.4byte	0xc3
 321 0101 05       		.uleb128 0x5
 322 0102 08       		.byte	0x8
 323 0103 04       		.byte	0x4
 324 0104 9E       		.byte	0x9e
 325 0105 00000126 		.4byte	0x126
 326 0109 06       		.uleb128 0x6
 327 010a 00000000 		.4byte	.LASF17
 328 010e 04       		.byte	0x4
 329 010f 9F       		.byte	0x9f
 330 0110 0000009B 		.4byte	0x9b
 331 0114 02       		.byte	0x2
 332 0115 23       		.byte	0x23
 333 0116 00       		.uleb128 0
 334 0117 06       		.uleb128 0x6
 335 0118 00000000 		.4byte	.LASF18
 336 011c 04       		.byte	0x4
 337 011d A0       		.byte	0xa0
 338 011e 000000A6 		.4byte	0xa6
 339 0122 02       		.byte	0x2
 340 0123 23       		.byte	0x23
 341 0124 04       		.uleb128 0x4
 342 0125 00       		.byte	0
GAS LISTING C:\Users\Shehan\AppData\Local\Temp\cciBuvYM.s 			page 7


 343 0126 03       		.uleb128 0x3
 344 0127 00000000 		.4byte	.LASF21
 345 012b 04       		.byte	0x4
 346 012c A1       		.byte	0xa1
 347 012d 00000101 		.4byte	0x101
 348 0131 05       		.uleb128 0x5
 349 0132 08       		.byte	0x8
 350 0133 04       		.byte	0x4
 351 0134 AC       		.byte	0xac
 352 0135 00000156 		.4byte	0x156
 353 0139 06       		.uleb128 0x6
 354 013a 00000000 		.4byte	.LASF22
 355 013e 04       		.byte	0x4
 356 013f AD       		.byte	0xad
 357 0140 00000156 		.4byte	0x156
 358 0144 02       		.byte	0x2
 359 0145 23       		.byte	0x23
 360 0146 00       		.uleb128 0
 361 0147 06       		.uleb128 0x6
 362 0148 00000000 		.4byte	.LASF23
 363 014c 04       		.byte	0x4
 364 014d AE       		.byte	0xae
 365 014e 0000015C 		.4byte	0x15c
 366 0152 02       		.byte	0x2
 367 0153 23       		.byte	0x23
 368 0154 04       		.uleb128 0x4
 369 0155 00       		.byte	0
 370 0156 07       		.uleb128 0x7
 371 0157 04       		.byte	0x4
 372 0158 000000F6 		.4byte	0xf6
 373 015c 07       		.uleb128 0x7
 374 015d 04       		.byte	0x4
 375 015e 00000126 		.4byte	0x126
 376 0162 03       		.uleb128 0x3
 377 0163 00000000 		.4byte	.LASF24
 378 0167 04       		.byte	0x4
 379 0168 AF       		.byte	0xaf
 380 0169 00000131 		.4byte	0x131
 381 016d 08       		.uleb128 0x8
 382 016e 01       		.byte	0x1
 383 016f 00000000 		.4byte	.LASF31
 384 0173 01       		.byte	0x1
 385 0174 47       		.byte	0x47
 386 0175 01       		.byte	0x1
 387 0176 00000000 		.4byte	.LFB2
 388 017a 00000000 		.4byte	.LFE2
 389 017e 02       		.byte	0x2
 390 017f 71       		.byte	0x71
 391 0180 00       		.sleb128 0
 392 0181 01       		.byte	0x1
 393 0182 0000019B 		.4byte	0x19b
 394 0186 09       		.uleb128 0x9
 395 0187 00000000 		.4byte	.LVL0
 396 018b 01       		.byte	0x1
 397 018c 000001EE 		.4byte	0x1ee
 398 0190 0A       		.uleb128 0xa
 399 0191 01       		.byte	0x1
GAS LISTING C:\Users\Shehan\AppData\Local\Temp\cciBuvYM.s 			page 8


 400 0192 53       		.byte	0x53
 401 0193 05       		.byte	0x5
 402 0194 03       		.byte	0x3
 403 0195 00000000 		.4byte	.LANCHOR0
 404 0199 00       		.byte	0
 405 019a 00       		.byte	0
 406 019b 0B       		.uleb128 0xb
 407 019c 000000F6 		.4byte	0xf6
 408 01a0 000001AB 		.4byte	0x1ab
 409 01a4 0C       		.uleb128 0xc
 410 01a5 000000B1 		.4byte	0xb1
 411 01a9 1A       		.byte	0x1a
 412 01aa 00       		.byte	0
 413 01ab 0D       		.uleb128 0xd
 414 01ac 00000000 		.4byte	.LASF25
 415 01b0 01       		.byte	0x1
 416 01b1 14       		.byte	0x14
 417 01b2 0000019B 		.4byte	0x19b
 418 01b6 05       		.byte	0x5
 419 01b7 03       		.byte	0x3
 420 01b8 00000000 		.4byte	spc_mscr_io_init
 421 01bc 0B       		.uleb128 0xb
 422 01bd 00000126 		.4byte	0x126
 423 01c1 000001CC 		.4byte	0x1cc
 424 01c5 0C       		.uleb128 0xc
 425 01c6 000000B1 		.4byte	0xb1
 426 01ca 02       		.byte	0x2
 427 01cb 00       		.byte	0
 428 01cc 0D       		.uleb128 0xd
 429 01cd 00000000 		.4byte	.LASF26
 430 01d1 01       		.byte	0x1
 431 01d2 36       		.byte	0x36
 432 01d3 000001BC 		.4byte	0x1bc
 433 01d7 05       		.byte	0x5
 434 01d8 03       		.byte	0x3
 435 01d9 00000000 		.4byte	spc_mscr_mux_init
 436 01dd 0D       		.uleb128 0xd
 437 01de 00000000 		.4byte	.LASF27
 438 01e2 01       		.byte	0x1
 439 01e3 3F       		.byte	0x3f
 440 01e4 00000162 		.4byte	0x162
 441 01e8 05       		.byte	0x5
 442 01e9 03       		.byte	0x3
 443 01ea 00000000 		.4byte	pal_default_config
 444 01ee 0E       		.uleb128 0xe
 445 01ef 01       		.byte	0x1
 446 01f0 00000000 		.4byte	.LASF32
 447 01f4 04       		.byte	0x4
 448 01f5 01CC     		.2byte	0x1cc
 449 01f7 01       		.byte	0x1
 450 01f8 01       		.byte	0x1
 451 01f9 00000203 		.4byte	0x203
 452 01fd 0F       		.uleb128 0xf
 453 01fe 00000203 		.4byte	0x203
 454 0202 00       		.byte	0
 455 0203 07       		.uleb128 0x7
 456 0204 04       		.byte	0x4
GAS LISTING C:\Users\Shehan\AppData\Local\Temp\cciBuvYM.s 			page 9


 457 0205 00000162 		.4byte	0x162
 458 0209 00       		.byte	0
 459              		.section	.debug_abbrev,"",@progbits
 460              	.Ldebug_abbrev0:
 461 0000 01       		.uleb128 0x1
 462 0001 11       		.uleb128 0x11
 463 0002 01       		.byte	0x1
 464 0003 25       		.uleb128 0x25
 465 0004 0E       		.uleb128 0xe
 466 0005 13       		.uleb128 0x13
 467 0006 0B       		.uleb128 0xb
 468 0007 03       		.uleb128 0x3
 469 0008 0E       		.uleb128 0xe
 470 0009 1B       		.uleb128 0x1b
 471 000a 0E       		.uleb128 0xe
 472 000b 55       		.uleb128 0x55
 473 000c 06       		.uleb128 0x6
 474 000d 11       		.uleb128 0x11
 475 000e 01       		.uleb128 0x1
 476 000f 52       		.uleb128 0x52
 477 0010 01       		.uleb128 0x1
 478 0011 10       		.uleb128 0x10
 479 0012 06       		.uleb128 0x6
 480 0013 00       		.byte	0
 481 0014 00       		.byte	0
 482 0015 02       		.uleb128 0x2
 483 0016 24       		.uleb128 0x24
 484 0017 00       		.byte	0
 485 0018 0B       		.uleb128 0xb
 486 0019 0B       		.uleb128 0xb
 487 001a 3E       		.uleb128 0x3e
 488 001b 0B       		.uleb128 0xb
 489 001c 03       		.uleb128 0x3
 490 001d 0E       		.uleb128 0xe
 491 001e 00       		.byte	0
 492 001f 00       		.byte	0
 493 0020 03       		.uleb128 0x3
 494 0021 16       		.uleb128 0x16
 495 0022 00       		.byte	0
 496 0023 03       		.uleb128 0x3
 497 0024 0E       		.uleb128 0xe
 498 0025 3A       		.uleb128 0x3a
 499 0026 0B       		.uleb128 0xb
 500 0027 3B       		.uleb128 0x3b
 501 0028 0B       		.uleb128 0xb
 502 0029 49       		.uleb128 0x49
 503 002a 13       		.uleb128 0x13
 504 002b 00       		.byte	0
 505 002c 00       		.byte	0
 506 002d 04       		.uleb128 0x4
 507 002e 24       		.uleb128 0x24
 508 002f 00       		.byte	0
 509 0030 0B       		.uleb128 0xb
 510 0031 0B       		.uleb128 0xb
 511 0032 3E       		.uleb128 0x3e
 512 0033 0B       		.uleb128 0xb
 513 0034 03       		.uleb128 0x3
GAS LISTING C:\Users\Shehan\AppData\Local\Temp\cciBuvYM.s 			page 10


 514 0035 08       		.uleb128 0x8
 515 0036 00       		.byte	0
 516 0037 00       		.byte	0
 517 0038 05       		.uleb128 0x5
 518 0039 13       		.uleb128 0x13
 519 003a 01       		.byte	0x1
 520 003b 0B       		.uleb128 0xb
 521 003c 0B       		.uleb128 0xb
 522 003d 3A       		.uleb128 0x3a
 523 003e 0B       		.uleb128 0xb
 524 003f 3B       		.uleb128 0x3b
 525 0040 0B       		.uleb128 0xb
 526 0041 01       		.uleb128 0x1
 527 0042 13       		.uleb128 0x13
 528 0043 00       		.byte	0
 529 0044 00       		.byte	0
 530 0045 06       		.uleb128 0x6
 531 0046 0D       		.uleb128 0xd
 532 0047 00       		.byte	0
 533 0048 03       		.uleb128 0x3
 534 0049 0E       		.uleb128 0xe
 535 004a 3A       		.uleb128 0x3a
 536 004b 0B       		.uleb128 0xb
 537 004c 3B       		.uleb128 0x3b
 538 004d 0B       		.uleb128 0xb
 539 004e 49       		.uleb128 0x49
 540 004f 13       		.uleb128 0x13
 541 0050 38       		.uleb128 0x38
 542 0051 0A       		.uleb128 0xa
 543 0052 00       		.byte	0
 544 0053 00       		.byte	0
 545 0054 07       		.uleb128 0x7
 546 0055 0F       		.uleb128 0xf
 547 0056 00       		.byte	0
 548 0057 0B       		.uleb128 0xb
 549 0058 0B       		.uleb128 0xb
 550 0059 49       		.uleb128 0x49
 551 005a 13       		.uleb128 0x13
 552 005b 00       		.byte	0
 553 005c 00       		.byte	0
 554 005d 08       		.uleb128 0x8
 555 005e 2E       		.uleb128 0x2e
 556 005f 01       		.byte	0x1
 557 0060 3F       		.uleb128 0x3f
 558 0061 0C       		.uleb128 0xc
 559 0062 03       		.uleb128 0x3
 560 0063 0E       		.uleb128 0xe
 561 0064 3A       		.uleb128 0x3a
 562 0065 0B       		.uleb128 0xb
 563 0066 3B       		.uleb128 0x3b
 564 0067 0B       		.uleb128 0xb
 565 0068 27       		.uleb128 0x27
 566 0069 0C       		.uleb128 0xc
 567 006a 11       		.uleb128 0x11
 568 006b 01       		.uleb128 0x1
 569 006c 12       		.uleb128 0x12
 570 006d 01       		.uleb128 0x1
GAS LISTING C:\Users\Shehan\AppData\Local\Temp\cciBuvYM.s 			page 11


 571 006e 40       		.uleb128 0x40
 572 006f 0A       		.uleb128 0xa
 573 0070 9742     		.uleb128 0x2117
 574 0072 0C       		.uleb128 0xc
 575 0073 01       		.uleb128 0x1
 576 0074 13       		.uleb128 0x13
 577 0075 00       		.byte	0
 578 0076 00       		.byte	0
 579 0077 09       		.uleb128 0x9
 580 0078 898201   		.uleb128 0x4109
 581 007b 01       		.byte	0x1
 582 007c 11       		.uleb128 0x11
 583 007d 01       		.uleb128 0x1
 584 007e 9542     		.uleb128 0x2115
 585 0080 0C       		.uleb128 0xc
 586 0081 31       		.uleb128 0x31
 587 0082 13       		.uleb128 0x13
 588 0083 00       		.byte	0
 589 0084 00       		.byte	0
 590 0085 0A       		.uleb128 0xa
 591 0086 8A8201   		.uleb128 0x410a
 592 0089 00       		.byte	0
 593 008a 02       		.uleb128 0x2
 594 008b 0A       		.uleb128 0xa
 595 008c 9142     		.uleb128 0x2111
 596 008e 0A       		.uleb128 0xa
 597 008f 00       		.byte	0
 598 0090 00       		.byte	0
 599 0091 0B       		.uleb128 0xb
 600 0092 01       		.uleb128 0x1
 601 0093 01       		.byte	0x1
 602 0094 49       		.uleb128 0x49
 603 0095 13       		.uleb128 0x13
 604 0096 01       		.uleb128 0x1
 605 0097 13       		.uleb128 0x13
 606 0098 00       		.byte	0
 607 0099 00       		.byte	0
 608 009a 0C       		.uleb128 0xc
 609 009b 21       		.uleb128 0x21
 610 009c 00       		.byte	0
 611 009d 49       		.uleb128 0x49
 612 009e 13       		.uleb128 0x13
 613 009f 2F       		.uleb128 0x2f
 614 00a0 0B       		.uleb128 0xb
 615 00a1 00       		.byte	0
 616 00a2 00       		.byte	0
 617 00a3 0D       		.uleb128 0xd
 618 00a4 34       		.uleb128 0x34
 619 00a5 00       		.byte	0
 620 00a6 03       		.uleb128 0x3
 621 00a7 0E       		.uleb128 0xe
 622 00a8 3A       		.uleb128 0x3a
 623 00a9 0B       		.uleb128 0xb
 624 00aa 3B       		.uleb128 0x3b
 625 00ab 0B       		.uleb128 0xb
 626 00ac 49       		.uleb128 0x49
 627 00ad 13       		.uleb128 0x13
GAS LISTING C:\Users\Shehan\AppData\Local\Temp\cciBuvYM.s 			page 12


 628 00ae 02       		.uleb128 0x2
 629 00af 0A       		.uleb128 0xa
 630 00b0 00       		.byte	0
 631 00b1 00       		.byte	0
 632 00b2 0E       		.uleb128 0xe
 633 00b3 2E       		.uleb128 0x2e
 634 00b4 01       		.byte	0x1
 635 00b5 3F       		.uleb128 0x3f
 636 00b6 0C       		.uleb128 0xc
 637 00b7 03       		.uleb128 0x3
 638 00b8 0E       		.uleb128 0xe
 639 00b9 3A       		.uleb128 0x3a
 640 00ba 0B       		.uleb128 0xb
 641 00bb 3B       		.uleb128 0x3b
 642 00bc 05       		.uleb128 0x5
 643 00bd 27       		.uleb128 0x27
 644 00be 0C       		.uleb128 0xc
 645 00bf 3C       		.uleb128 0x3c
 646 00c0 0C       		.uleb128 0xc
 647 00c1 01       		.uleb128 0x1
 648 00c2 13       		.uleb128 0x13
 649 00c3 00       		.byte	0
 650 00c4 00       		.byte	0
 651 00c5 0F       		.uleb128 0xf
 652 00c6 05       		.uleb128 0x5
 653 00c7 00       		.byte	0
 654 00c8 49       		.uleb128 0x49
 655 00c9 13       		.uleb128 0x13
 656 00ca 00       		.byte	0
 657 00cb 00       		.byte	0
 658 00cc 00       		.byte	0
 659              		.section	.debug_aranges,"",@progbits
 660 0000 0000001C 		.4byte	0x1c
 661 0004 0002     		.2byte	0x2
 662 0006 00000000 		.4byte	.Ldebug_info0
 663 000a 04       		.byte	0x4
 664 000b 00       		.byte	0
 665 000c 0000     		.2byte	0
 666 000e 0000     		.2byte	0
 667 0010 00000000 		.4byte	.LFB2
 668 0014 0000000C 		.4byte	.LFE2-.LFB2
 669 0018 00000000 		.4byte	0
 670 001c 00000000 		.4byte	0
 671              		.section	.debug_ranges,"",@progbits
 672              	.Ldebug_ranges0:
 673 0000 00000000 		.4byte	.LFB2
 674 0004 00000000 		.4byte	.LFE2
 675 0008 00000000 		.4byte	0
 676 000c 00000000 		.4byte	0
 677              		.section	.debug_line,"",@progbits
 678              	.Ldebug_line0:
 679 0000 00000190 		.section	.debug_str,"MS",@progbits,1
 679      00020000 
 679      01770201 
 679      FB0E0D00 
 679      01010101 
 680              	.LASF2:
GAS LISTING C:\Users\Shehan\AppData\Local\Temp\cciBuvYM.s 			page 13


 681 0000 5F5F7569 		.string	"__uint8_t"
 681      6E74385F 
 681      7400
 682              	.LASF3:
 683 000a 5F5F696E 		.string	"__int16_t"
 683      7431365F 
 683      7400
 684              	.LASF18:
 685 0014 76616C75 		.string	"value"
 685      6500
 686              	.LASF30:
 687 001a 433A5C55 		.string	"C:\\Users\\Shehan\\Documents\\vega_work\\VEGA_Work\\BCU\\BCU_firmware\\BCU_firmware"
 687      73657273 
 687      5C536865 
 687      68616E5C 
 687      446F6375 
 688              	.LASF29:
 689 0066 2E2F636F 		.string	"./components/spc582bxx_board_initialization_component_rla/cfg/board.c"
 689      6D706F6E 
 689      656E7473 
 689      2F737063 
 689      35383262 
 690              	.LASF16:
 691 00ac 696F6D6F 		.string	"iomode_t"
 691      64655F74 
 691      00
 692              	.LASF1:
 693 00b5 756E7369 		.string	"unsigned char"
 693      676E6564 
 693      20636861 
 693      7200
 694              	.LASF8:
 695 00c3 6C6F6E67 		.string	"long unsigned int"
 695      20756E73 
 695      69676E65 
 695      6420696E 
 695      7400
 696              	.LASF5:
 697 00d5 73686F72 		.string	"short unsigned int"
 697      7420756E 
 697      7369676E 
 697      65642069 
 697      6E7400
 698              	.LASF20:
 699 00e8 7370635F 		.string	"spc_mscr_io_init_t"
 699      6D736372 
 699      5F696F5F 
 699      696E6974 
 699      5F7400
 700              	.LASF25:
 701 00fb 7370635F 		.string	"spc_mscr_io_init"
 701      6D736372 
 701      5F696F5F 
 701      696E6974 
 701      00
 702              	.LASF24:
 703 010c 50414C43 		.string	"PALConfig"
GAS LISTING C:\Users\Shehan\AppData\Local\Temp\cciBuvYM.s 			page 14


 703      6F6E6669 
 703      6700
 704              	.LASF27:
 705 0116 70616C5F 		.string	"pal_default_config"
 705      64656661 
 705      756C745F 
 705      636F6E66 
 705      696700
 706              	.LASF7:
 707 0129 5F5F7569 		.string	"__uint32_t"
 707      6E743332 
 707      5F7400
 708              	.LASF11:
 709 0134 756E7369 		.string	"unsigned int"
 709      676E6564 
 709      20696E74 
 709      00
 710              	.LASF10:
 711 0141 6C6F6E67 		.string	"long long unsigned int"
 711      206C6F6E 
 711      6720756E 
 711      7369676E 
 711      65642069 
 712              	.LASF12:
 713 0158 75696E74 		.string	"uint8_t"
 713      385F7400 
 714              	.LASF31:
 715 0160 626F6172 		.string	"boardInit"
 715      64496E69 
 715      7400
 716              	.LASF13:
 717 016a 696E7431 		.string	"int16_t"
 717      365F7400 
 718              	.LASF22:
 719 0172 6D736372 		.string	"mscr_io"
 719      5F696F00 
 720              	.LASF15:
 721 017a 73697A65 		.string	"sizetype"
 721      74797065 
 721      00
 722              	.LASF21:
 723 0183 7370635F 		.string	"spc_mscr_mux_init_t"
 723      6D736372 
 723      5F6D7578 
 723      5F696E69 
 723      745F7400 
 724              	.LASF9:
 725 0197 6C6F6E67 		.string	"long long int"
 725      206C6F6E 
 725      6720696E 
 725      7400
 726              	.LASF23:
 727 01a5 6D736372 		.string	"mscr_mux"
 727      5F6D7578 
 727      00
 728              	.LASF17:
 729 01ae 696E6465 		.string	"index"
GAS LISTING C:\Users\Shehan\AppData\Local\Temp\cciBuvYM.s 			page 15


 729      7800
 730              	.LASF26:
 731 01b4 7370635F 		.string	"spc_mscr_mux_init"
 731      6D736372 
 731      5F6D7578 
 731      5F696E69 
 731      7400
 732              	.LASF19:
 733 01c6 6770646F 		.string	"gpdo"
 733      00
 734              	.LASF4:
 735 01cb 73686F72 		.string	"short int"
 735      7420696E 
 735      7400
 736              	.LASF14:
 737 01d5 75696E74 		.string	"uint32_t"
 737      33325F74 
 737      00
 738              	.LASF6:
 739 01de 6C6F6E67 		.string	"long int"
 739      20696E74 
 739      00
 740              	.LASF28:
 741 01e7 474E5520 		.ascii	"GNU C 4.9.4 20160726 (Sat May 27 11:09:55 CDT 2017         b"
 741      4320342E 
 741      392E3420 
 741      32303136 
 741      30373236 
 742 0223 75696C64 		.ascii	"uild.sh"
 742      2E7368
 743 022a 20726576 		.string	" rev=gd8b6c20 s=F494 ELe200 -V release_gd8b6c20_build_Fed_ELe200_ML0) -mcall-sysv -mcpu=e
 743      3D676438 
 743      62366332 
 743      3020733D 
 743      46343934 
 744              	.LASF0:
 745 032b 7369676E 		.string	"signed char"
 745      65642063 
 745      68617200 
 746              	.LASF32:
 747 0337 70616C5F 		.string	"pal_init"
 747      696E6974 
 747      00
 748              		.ident	"GCC: (GNU) 4.9.4 20160726 (Sat May 27 11:09:55 CDT 2017         build.sh rev=gd8b6c20 s=F4
GAS LISTING C:\Users\Shehan\AppData\Local\Temp\cciBuvYM.s 			page 16


DEFINED SYMBOLS
                            *ABS*:00000000 board.c
C:\Users\Shehan\AppData\Local\Temp\cciBuvYM.s:10     .text.boardInit:00000000 boardInit
C:\Users\Shehan\AppData\Local\Temp\cciBuvYM.s:29     .data.spc_mscr_io_init:00000000 spc_mscr_io_init
C:\Users\Shehan\AppData\Local\Temp\cciBuvYM.s:170    .data.pal_default_config:00000000 pal_default_config
C:\Users\Shehan\AppData\Local\Temp\cciBuvYM.s:177    .data.spc_mscr_mux_init:00000000 spc_mscr_mux_init

UNDEFINED SYMBOLS
pal_init
