GAS LISTING C:\Users\Shehan\AppData\Local\Temp\cckWuNdT.s 			page 1


   1              	# 1 "./components/spc582bxx_platform_component_rla/lib/src/boot.s"
   1              	/****************************************************************************
   0              	
   0              	
   2              	*
   3              	* Copyright © 2016-2019 STMicroelectronics - All Rights Reserved
   4              	*
   5              	* This software is licensed under SLA0098 terms that can be found in the
   6              	* DM00779817_1_0.pdf file in the licenses directory of this software product.
   7              	* 
   8              	* THIS SOFTWARE IS DISTRIBUTED "AS IS," AND ALL WARRANTIES ARE DISCLAIMED, 
   9              	* INCLUDING MERCHANTABILITY AND FITNESS FOR A PARTICULAR PURPOSE.
  10              	*
  11              	*****************************************************************************/
  12              	
  13              	/**
  14              	 * @file    boot.s
  15              	 * @brief   SPC582Bxx boot-related code.
  16              	 *
  17              	 * @addtogroup PPC_BOOT
  18              	 * @{
  19              	 */
  20              	
  21              	#include "boot.h"
   1              	/****************************************************************************
  22              	#include "toolchain.h"
   1              	/****************************************************************************
  23              	
  24              	#if !defined(__DOXYGEN__)
  25              	        /* BAM record.*/
  26              	        .section    .boot, "axv"
  27              	
  28 0000 00A50000 	        .long       0x00A50000
  29 0004 00000000 	        .long       _reset_address     /* Core 2 reset address.            */
  30              	
  31              	        /*
  32              	         * Reset entry point for core0.
  33              	         */
  34              	        .align      2
  35              	        .globl      _reset_address
  36              	        .type       _reset_address, @function
  37              	_VLE
  38              	_reset_address:
  39 0008 70000002 	        e_li        %r0, 2
  40 000c 7C1E43A6 	        mtspr       286, %r0        /* PIR register.*/
  41              	
  42              	#if BOOT_DISABLE_WATCHDOG
  43 0010 7800000F 			e_bl		_disablewatchdog
  44              	#endif
  45              	#if BOOT_PERFORM_CORE_INIT
  46 0014 E918     	        se_bl       _coreinit
  47              	#endif
  48 0016 780000DB 	        e_bl        _ivinit
  49              	
  50              	#if BOOT_RELOCATE_IN_RAM
  51              	        /*
  52              	         * Image relocation in RAM.
GAS LISTING C:\Users\Shehan\AppData\Local\Temp\cckWuNdT.s 			page 2


  53              	         */
  54              	        e_lis       %r4, HI(__ram_reloc_start__)
  55              	        e_or2i      %r4, LO(__ram_reloc_start__)
  56              	        e_lis       %r5, HI(__ram_reloc_dest__)
  57              	        e_or2i      %r5, LO(__ram_reloc_dest__)
  58              	        e_lis       %r6, HI(__ram_reloc_end__)
  59              	        e_or2i      %r6, LO(__ram_reloc_end__)
  60              	.relloop:
  61              	        .align      4
  62              	_NOVLE
  63              	        cmpl        cr0, %r4, %r6
  64              	_VLE
  65              	        se_bge      .relend
  66              	        se_lwz      %r7, 0(%r4)
  67              	        se_addi     %r4, 4
  68              	        se_stw      %r7, 0(%r5)
  69              	        se_addi     %r5, 4
  70              	        se_b        .relloop
  71              	.relend:
  72              	        e_lis       %r3, HI(_boot_address)
  73              	        e_or2i      %r3, LO(_boot_address)
  74              	        mtctr       %r3
  75              	        se_bctrl
  76              	#else
  77 001a 78000000 	        e_b         _boot_address
  78              	#endif
  79              	
  80              			/*
  81              	         * Disable Software Watchdogs.
  82              	         */
  83              	_disablewatchdog:
  84              			/* SWT_0 not present */
  85              	
  86              			/* SWT_1 not present */
  87              			
  88              			/* Disable SWT_2 */
  89 001e 709EE405 			e_lis       r4, 0xF405
  90 0022 7090C000 	        e_or2i      r4, 0x8000
  91 0026 70780520 	        e_li        r3, 0xC520
  92 002a 54640010 	        e_stw       r3, 0x10(r4)
  93 002e 707B0128 	        e_li        r3, 0xD928
  94 0032 54640010 	        e_stw       r3, 0x10(r4)
  95 0036 707FE700 	        e_lis       r3, 0xFF00
  96 003a 7060C00A 	        e_or2i      r3, 0x000A
  97 003e 54640000 	        e_stw       r3, 0(r4)
  98              			
  99              			/* SWT_3 not present */
 100              			
 101 0042 0004     	        se_blr
 102              	
 103              	#if BOOT_PERFORM_CORE_INIT
 104              	        .align      2
 105              	_coreinit:
 106              	        /*
 107              	         * RAM clearing, this device requires a write to all RAM location in
 108              	         * order to initialize the ECC detection hardware, this is going to
 109              	         * slow down the startup but there is no way around.
GAS LISTING C:\Users\Shehan\AppData\Local\Temp\cckWuNdT.s 			page 3


 110              	         */
 111 0044 7C000278 	        xor         %r0, %r0, %r0
 112 0048 7C210A78 	        xor         %r1, %r1, %r1
 113 004c 7C421278 	        xor         %r2, %r2, %r2
 114 0050 7C631A78 	        xor         %r3, %r3, %r3
 115 0054 7C842278 	        xor         %r4, %r4, %r4
 116 0058 7CA52A78 	        xor         %r5, %r5, %r5
 117 005c 7CC63278 	        xor         %r6, %r6, %r6
 118 0060 7CE73A78 	        xor         %r7, %r7, %r7
 119 0064 7D084278 	        xor         %r8, %r8, %r8
 120 0068 7D294A78 	        xor         %r9, %r9, %r9
 121 006c 7D4A5278 	        xor         %r10, %r10, %r10
 122 0070 7D6B5A78 	        xor         %r11, %r11, %r11
 123 0074 7D8C6278 	        xor         %r12, %r12, %r12
 124 0078 7DAD6A78 	        xor         %r13, %r13, %r13
 125 007c 7DCE7278 	        xor         %r14, %r14, %r14
 126 0080 7DEF7A78 	        xor         %r15, %r15, %r15
 127 0084 7E108278 	        xor         %r16, %r16, %r16
 128 0088 7E318A78 	        xor         %r17, %r17, %r17
 129 008c 7E529278 	        xor         %r18, %r18, %r18
 130 0090 7E739A78 	        xor         %r19, %r19, %r19
 131 0094 7E94A278 	        xor         %r20, %r20, %r20
 132 0098 7EB5AA78 	        xor         %r21, %r21, %r21
 133 009c 7ED6B278 	        xor         %r22, %r22, %r22
 134 00a0 7EF7BA78 	        xor         %r23, %r23, %r23
 135 00a4 7F18C278 	        xor         %r24, %r24, %r24
 136 00a8 7F39CA78 	        xor         %r25, %r25, %r25
 137 00ac 7F5AD278 	        xor         %r26, %r26, %r26
 138 00b0 7F7BDA78 	        xor         %r27, %r27, %r27
 139 00b4 7F9CE278 	        xor         %r28, %r28, %r28
 140 00b8 7FBDEA78 	        xor         %r29, %r29, %r29
 141 00bc 7FDEF278 	        xor         %r30, %r30, %r30
 142 00c0 7FFFFA78 	        xor         %r31, %r31, %r31
 143 00c4 7080E000 	        e_lis       %r4, HI(__ram_start__)
 144 00c8 7080C000 	        e_or2i      %r4, LO(__ram_start__)
 145 00cc 70A0E000 	        e_lis       %r5, HI(__ram_end__)
 146 00d0 70A0C000 	        e_or2i      %r5, LO(__ram_end__)
 147              	.cleareccloop:
 148              	_NOVLE
 149 00d4 7C042840 	        cmpl        cr0, %r4, %r5
 150              	_VLE
 151 00d8 E006     	        se_bge      .cleareccend
 152 00da 1A040900 	        e_stmw      %r16, 0(%r4)
 153 00de 18848040 	        e_addi      %r4, %r4, 64
 154 00e2 E8F9     	        se_b        .cleareccloop
 155              	.cleareccend:
 156              	
 157              	        /*
 158              	         * Branch prediction enabled.
 159              	         */
 160 00e4 70600201 	        e_li        %r3, BUCSR_DEFAULT
 161 00e8 7C75FBA6 	        mtspr       1013, %r3       /* BUCSR */
 162              	
 163 00ec 0004     	        se_blr
 164              	#endif /* BOOT_PERFORM_CORE_INIT */
 165              	
 166              	        /*
GAS LISTING C:\Users\Shehan\AppData\Local\Temp\cckWuNdT.s 			page 4


 167              	         * Exception vectors initialization.
 168              	         */
 169 00ee 4400     	        .align      2
 170              	_ivinit:
 171              	        /* MSR initialization.*/
 172 00f0 7060E206 	        e_lis       %r3, HI(MSR_DEFAULT)
 173 00f4 7062C000 	        e_or2i      %r3, LO(MSR_DEFAULT)
 174 00f8 7C600124 	        mtMSR       %r3
 175              	
 176              	        /* IVPR initialization.*/
 177 00fc 7060E000 	        e_lis       %r3, HI(__ivpr_base__)
 178 0100 7060C000 	        e_or2i      %r3, LO(__ivpr_base__)
 179 0104 7C7F0BA6 	        mtIVPR      %r3
 180              	
 181 0108 0004     	        se_blr
 182              	
 183              	        .section    .ivors, "axv"
 184              	
 185              	        .globl      IVORS
 186              	IVORS:
 187 0000 78000000 	IVOR0:  e_b           _IVOR0
 188 0004 44004400 	        .align      4
 188      44004400 
 188      44004400 
 189 0010 78000000 	IVOR1:  e_b           _IVOR1
 190 0014 44004400 	        .align      4
 190      44004400 
 190      44004400 
 191 0020 78000000 	IVOR2:  e_b           _IVOR2
 192 0024 44004400 	        .align      4
 192      44004400 
 192      44004400 
 193 0030 78000000 	IVOR3:  e_b           _IVOR3
 194 0034 44004400 	        .align      4
 194      44004400 
 194      44004400 
 195 0040 78000000 	IVOR4:  e_b           _IVOR4
 196 0044 44004400 	        .align      4
 196      44004400 
 196      44004400 
 197 0050 78000000 	IVOR5:  e_b           _IVOR5
 198 0054 44004400 	        .align      4
 198      44004400 
 198      44004400 
 199 0060 78000000 	IVOR6:  e_b           _IVOR6
 200 0064 44004400 	        .align      4
 200      44004400 
 200      44004400 
 201 0070 78000000 	IVOR7:  e_b           _IVOR7
 202 0074 44004400 	        .align      4
 202      44004400 
 202      44004400 
 203 0080 78000000 	IVOR8:  e_b           _IVOR8
 204 0084 44004400 	        .align      4
 204      44004400 
 204      44004400 
 205 0090 78000000 	IVOR9:  e_b           _IVOR9
GAS LISTING C:\Users\Shehan\AppData\Local\Temp\cckWuNdT.s 			page 5


 206 0094 44004400 	        .align      4
 206      44004400 
 206      44004400 
 207 00a0 78000000 	IVOR10: e_b           _IVOR10
 208 00a4 44004400 	        .align      4
 208      44004400 
 208      44004400 
 209 00b0 78000000 	IVOR11: e_b           _IVOR11
 210 00b4 44004400 	        .align      4
 210      44004400 
 210      44004400 
 211 00c0 78000000 	IVOR12: e_b           _IVOR12
 212 00c4 44004400 	        .align      4
 212      44004400 
 212      44004400 
 213 00d0 78000000 	IVOR13: e_b           _IVOR13
 214 00d4 44004400 	        .align      4
 214      44004400 
 214      44004400 
 215 00e0 78000000 	IVOR14: e_b           _IVOR14
 216 00e4 44004400 	        .align      4
 216      44004400 
 216      44004400 
 217 00f0 78000000 	IVOR15: e_b           _IVOR15
 218              	
 219              	        .section    .handlers, "axv"
 220              	
 221              	        /*
 222              	         * Default IVOR handlers.
 223              	         */
 224              	        .align      2
 225              	        .weak       _IVOR0,  _IVOR1,  _IVOR2,  _IVOR3,  _IVOR4,  _IVOR5
 226              	        .weak       _IVOR6,  _IVOR7,  _IVOR8,  _IVOR9,  _IVOR10, _IVOR11
 227              	        .weak       _IVOR12, _IVOR13, _IVOR14, _IVOR15
 228              	        .weak       _unhandled_exception
 229              	_IVOR0:
 230              	_IVOR1:
 231              	_IVOR2:
 232              	_IVOR3:
 233              	_IVOR4:
 234              	_IVOR5:
 235              	_IVOR6:
 236              	_IVOR7:
 237              	_IVOR8:
 238              	_IVOR9:
 239              	_IVOR10:
 240              	_IVOR11:
 241              	_IVOR12:
 242              	_IVOR13:
 243              	_IVOR14:
 244              	_IVOR15:
 245              	_unhandled_exception:
 246              	.unhandled_exception:
 247 0000 78000000 	        e_b         .unhandled_exception
GAS LISTING C:\Users\Shehan\AppData\Local\Temp\cckWuNdT.s 			page 6


DEFINED SYMBOLS
./components/spc582bxx_platform_component_rla/lib/src/boot.s:38     .boot:00000008 _reset_address
./components/spc582bxx_platform_component_rla/lib/src/boot.s:83     .boot:0000001e _disablewatchdog
./components/spc582bxx_platform_component_rla/lib/src/boot.s:105    .boot:00000044 _coreinit
./components/spc582bxx_platform_component_rla/lib/src/boot.s:170    .boot:000000f0 _ivinit
./components/spc582bxx_platform_component_rla/lib/src/boot.s:147    .boot:000000d4 .cleareccloop
./components/spc582bxx_platform_component_rla/lib/src/boot.s:155    .boot:000000e4 .cleareccend
./components/spc582bxx_platform_component_rla/lib/src/boot.s:186    .ivors:00000000 IVORS
./components/spc582bxx_platform_component_rla/lib/src/boot.s:187    .ivors:00000000 IVOR0
./components/spc582bxx_platform_component_rla/lib/src/boot.s:229    .handlers:00000000 _IVOR0
./components/spc582bxx_platform_component_rla/lib/src/boot.s:189    .ivors:00000010 IVOR1
./components/spc582bxx_platform_component_rla/lib/src/boot.s:230    .handlers:00000000 _IVOR1
./components/spc582bxx_platform_component_rla/lib/src/boot.s:191    .ivors:00000020 IVOR2
./components/spc582bxx_platform_component_rla/lib/src/boot.s:231    .handlers:00000000 _IVOR2
./components/spc582bxx_platform_component_rla/lib/src/boot.s:193    .ivors:00000030 IVOR3
./components/spc582bxx_platform_component_rla/lib/src/boot.s:232    .handlers:00000000 _IVOR3
./components/spc582bxx_platform_component_rla/lib/src/boot.s:195    .ivors:00000040 IVOR4
./components/spc582bxx_platform_component_rla/lib/src/boot.s:233    .handlers:00000000 _IVOR4
./components/spc582bxx_platform_component_rla/lib/src/boot.s:197    .ivors:00000050 IVOR5
./components/spc582bxx_platform_component_rla/lib/src/boot.s:234    .handlers:00000000 _IVOR5
./components/spc582bxx_platform_component_rla/lib/src/boot.s:199    .ivors:00000060 IVOR6
./components/spc582bxx_platform_component_rla/lib/src/boot.s:235    .handlers:00000000 _IVOR6
./components/spc582bxx_platform_component_rla/lib/src/boot.s:201    .ivors:00000070 IVOR7
./components/spc582bxx_platform_component_rla/lib/src/boot.s:236    .handlers:00000000 _IVOR7
./components/spc582bxx_platform_component_rla/lib/src/boot.s:203    .ivors:00000080 IVOR8
./components/spc582bxx_platform_component_rla/lib/src/boot.s:237    .handlers:00000000 _IVOR8
./components/spc582bxx_platform_component_rla/lib/src/boot.s:205    .ivors:00000090 IVOR9
./components/spc582bxx_platform_component_rla/lib/src/boot.s:238    .handlers:00000000 _IVOR9
./components/spc582bxx_platform_component_rla/lib/src/boot.s:207    .ivors:000000a0 IVOR10
./components/spc582bxx_platform_component_rla/lib/src/boot.s:239    .handlers:00000000 _IVOR10
./components/spc582bxx_platform_component_rla/lib/src/boot.s:209    .ivors:000000b0 IVOR11
./components/spc582bxx_platform_component_rla/lib/src/boot.s:240    .handlers:00000000 _IVOR11
./components/spc582bxx_platform_component_rla/lib/src/boot.s:211    .ivors:000000c0 IVOR12
./components/spc582bxx_platform_component_rla/lib/src/boot.s:241    .handlers:00000000 _IVOR12
./components/spc582bxx_platform_component_rla/lib/src/boot.s:213    .ivors:000000d0 IVOR13
./components/spc582bxx_platform_component_rla/lib/src/boot.s:242    .handlers:00000000 _IVOR13
./components/spc582bxx_platform_component_rla/lib/src/boot.s:215    .ivors:000000e0 IVOR14
./components/spc582bxx_platform_component_rla/lib/src/boot.s:243    .handlers:00000000 _IVOR14
./components/spc582bxx_platform_component_rla/lib/src/boot.s:217    .ivors:000000f0 IVOR15
./components/spc582bxx_platform_component_rla/lib/src/boot.s:244    .handlers:00000000 _IVOR15
./components/spc582bxx_platform_component_rla/lib/src/boot.s:245    .handlers:00000000 _unhandled_exception
./components/spc582bxx_platform_component_rla/lib/src/boot.s:246    .handlers:00000000 .unhandled_exception

UNDEFINED SYMBOLS
_boot_address
__ram_start__
__ram_end__
__ivpr_base__
